2023-09-19 16:53:30,446 - INFO - **** ITERATION STARTED ****
2023-09-19 16:53:30,446 - INFO - imputer: mean_imputer
2023-09-19 16:53:30,446 - INFO - encoder: one_hot_encoder
2023-09-19 16:53:30,447 - INFO - outlier_remover: removing_outliers_iqr
2023-09-19 16:53:30,447 - INFO - feature_selector: none
2023-09-19 16:53:30,447 - INFO - scaler: min_max
2023-09-19 16:53:30,447 - INFO - model: RidgeClassifier(alpha=1.0, class_weight=None, copy_X=True, fit_intercept=True,
                max_iter=None, positive=False, random_state=123, solver='auto',
                tol=0.0001)
2023-09-19 17:10:09,184 - INFO - **** ITERATION STARTED ****
2023-09-19 17:10:09,184 - INFO - imputer: mean_imputer
2023-09-19 17:10:09,184 - INFO - encoder: one_hot_encoder
2023-09-19 17:10:09,184 - INFO - outlier_remover: removing_outliers_iqr
2023-09-19 17:10:09,184 - INFO - feature_selector: none
2023-09-19 17:10:09,184 - INFO - scaler: min_max
2023-09-19 17:10:09,184 - INFO - model: RidgeClassifier(alpha=1.0, class_weight=None, copy_X=True, fit_intercept=True,
                max_iter=None, positive=False, random_state=123, solver='auto',
                tol=0.0001)
2023-09-19 17:10:42,603 - ERROR - Task was destroyed but it is pending!
task: <Task pending name='Task-6933' coro=<RequestHandler._execute() running at /Users/nijatz/miniforge3/lib/python3.10/site-packages/tornado/web.py:1725> cb=[_HandlerDelegate.execute.<locals>.<lambda>() at /Users/nijatz/miniforge3/lib/python3.10/site-packages/tornado/web.py:2417]>
2023-09-19 17:11:47,630 - INFO - **** ITERATION STARTED ****
2023-09-19 17:11:47,630 - INFO - imputer: mean_imputer
2023-09-19 17:11:47,630 - INFO - encoder: one_hot_encoder
2023-09-19 17:11:47,630 - INFO - outlier_remover: removing_outliers_iqr
2023-09-19 17:11:47,630 - INFO - feature_selector: none
2023-09-19 17:11:47,630 - INFO - scaler: min_max
2023-09-19 17:11:47,630 - INFO - model: RidgeClassifier(alpha=1.0, class_weight=None, copy_X=True, fit_intercept=True,
                max_iter=None, positive=False, random_state=123, solver='auto',
                tol=0.0001)
2023-09-19 17:14:19,852 - INFO - **** ITERATION STARTED ****
2023-09-19 17:14:19,852 - INFO - imputer: mean_imputer
2023-09-19 17:14:19,852 - INFO - encoder: one_hot_encoder
2023-09-19 17:14:19,852 - INFO - outlier_remover: removing_outliers_iqr
2023-09-19 17:14:19,852 - INFO - feature_selector: none
2023-09-19 17:14:19,852 - INFO - scaler: min_max
2023-09-19 17:14:19,852 - INFO - model: RidgeClassifier(alpha=1.0, class_weight=None, copy_X=True, fit_intercept=True,
                max_iter=None, positive=False, random_state=123, solver='auto',
                tol=0.0001)
